Arguments: 
  /home/flex/.asdf/installs/nodejs/10.0.0/bin/node /usr/share/yarn/bin/yarn.js dev

PATH: 
  /home/flex/.asdf/shims:/home/flex/.asdf/bin:/usr/local/sbin:/usr/local/bin:/usr/sbin:/usr/bin:/sbin:/bin:/usr/games:/usr/local/games:/snap/bin:/usr/lib/jvm/java-8-oracle/bin:/usr/lib/jvm/java-8-oracle/db/bin:/usr/lib/jvm/java-8-oracle/jre/bin:/home/flex/work/go/bin

Yarn version: 
  1.5.1

Node version: 
  10.0.0

Platform: 
  linux x64

npm manifest: 
  {
    "name": "Front_end_app",
    "version": "1.0.0",
    "private": true,
    "description": "Project description",
    "scripts": {
      "watch": "webpack --watch --progress",
      "start": "webpack-dev-server",
      "dev": "webpack",
      "clean": "shx rm -rf build/static",
      "build": "npm run clean && cross-env NODE_ENV=\"production\" webpack",
      "deploy": "webpack -p"
    },
    "devDependencies": {
      "babel-core": "^6.26.0",
      "babel-eslint": "^8.0.1",
      "babel-loader": "^7.1.2",
      "babel-plugin-transform-class-properties": "^6.24.1",
      "babel-plugin-transform-object-rest-spread": "^6.26.0",
      "babel-plugin-transform-runtime": "^6.23.0",
      "babel-polyfill": "^6.26.0",
      "babel-preset-env": "^1.6.1",
      "babel-preset-stage-0": "^6.24.1",
      "babel-runtime": "^6.26.0",
      "copy-webpack-plugin": "^4.2.0",
      "cross-env": "^5.1.0",
      "css-loader": "^0.28.7",
      "eslint": "^4.9.0",
      "eslint-config-airbnb-base": "^12.1.0",
      "eslint-plugin-import": "2.7.0",
      "file-loader": "^1.1.5",
      "imagemin-webpack-plugin": "^1.5.2",
      "mini-css-extract-plugin": "^0.4.2",
      "node-sass": "^4.5.3",
      "postcss-cssnext": "^3.0.2",
      "postcss-loader": "^2.0.8",
      "sass-loader": "^6.0.6",
      "shx": "^0.2.2",
      "style-loader": "^0.19.0",
      "stylelint": "^8.2.0",
      "stylelint-config-standard": "^17.0.0",
      "uglifyjs-webpack-plugin": "^2.1.1",
      "upath": "^1.1.0",
      "url-loader": "^1.0.1",
      "vue-cli": "^2.9.6",
      "vue-loader": "^14.2.3",
      "vue-resource": "^1.5.1",
      "vue-router": "^3.0.1",
      "vue-template-compiler": "^2.5.17",
      "webpack": "^4.19.0",
      "webpack-bundle-analyzer": "^3.0.2",
      "webpack-cli": "^3.1.0",
      "webpack-dev-server": "^3.1.8"
    },
    "dependencies": {
      "@mdi/font": "^3.3.92",
      "milligram": "^1.3.0",
      "paper": "^0.12.0",
      "umbrellajs": "^3.1.0"
    },
    "prettier": {
      "overrides": [
        {
          "files": "*.scss$",
          "options": {
            "semi": "true"
          }
        }
      ]
    }
  }

yarn manifest: 
  No manifest

Lockfile: 
  No lockfile

Trace: 
  Error: Command failed.
  Exit code: 1
  Command: sh
  Arguments: -c webpack
  Directory: /home/flex/lab/url-redirector/assets
  Output:
  
      at ProcessTermError.MessageError (/usr/share/yarn/lib/cli.js:186:110)
      at new ProcessTermError (/usr/share/yarn/lib/cli.js:226:113)
      at ChildProcess.<anonymous> (/usr/share/yarn/lib/cli.js:30281:17)
      at ChildProcess.emit (events.js:182:13)
      at maybeClose (internal/child_process.js:947:16)
      at Process.ChildProcess._handle.onexit (internal/child_process.js:236:5)
